[debug] [2023-06-23T06:54:21.459Z] ----------------------------------------------------------------------
[debug] [2023-06-23T06:54:21.461Z] Command:       /home/farsh/.nvm/versions/node/v18.10.0/bin/node /home/farsh/.nvm/versions/node/v18.10.0/bin/firebase init hosting
[debug] [2023-06-23T06:54:21.462Z] CLI Version:   12.3.1
[debug] [2023-06-23T06:54:21.462Z] Platform:      linux
[debug] [2023-06-23T06:54:21.462Z] Node Version:  v18.10.0
[debug] [2023-06-23T06:54:21.777Z] Time:          Fri Jun 23 2023 09:54:21 GMT+0300 (East Africa Time)
[debug] [2023-06-23T06:54:21.777Z] ----------------------------------------------------------------------
[debug] 
[debug] [2023-06-23T06:54:21.780Z] >>> [apiv2][query] GET https://firebase-public.firebaseio.com/cli.json [none]
[debug] [2023-06-23T06:54:21.828Z] > command requires scopes: ["email","openid","https://www.googleapis.com/auth/cloudplatformprojects.readonly","https://www.googleapis.com/auth/firebase","https://www.googleapis.com/auth/cloud-platform"]
[debug] [2023-06-23T06:54:21.828Z] > authorizing via signed-in user (davinci.monalissa@gmail.com)
[info] 
     ######## #### ########  ######## ########     ###     ######  ########
     ##        ##  ##     ## ##       ##     ##  ##   ##  ##       ##
     ######    ##  ########  ######   ########  #########  ######  ######
     ##        ##  ##    ##  ##       ##     ## ##     ##       ## ##
     ##       #### ##     ## ######## ########  ##     ##  ######  ########

You're about to initialize a Firebase project in this directory:

  /home/farsh/Desktop/Delivered/Deliver

[info] 
=== Project Setup
[info] 
[info] First, let's associate this project directory with a Firebase project.
[info] You can create multiple project aliases by running firebase use --add, 
[info] but for now we'll just set up a default project.
[info] 
[debug] [2023-06-23T06:54:27.727Z] > refreshing access token with scopes: []
[debug] [2023-06-23T06:54:27.729Z] >>> [apiv2][query] POST https://www.googleapis.com/oauth2/v3/token [none]
[debug] [2023-06-23T06:54:27.729Z] >>> [apiv2][body] POST https://www.googleapis.com/oauth2/v3/token [omitted]
[warn] ⚠  Unable to fetch the CLI MOTD and remote config. 
[debug] [2023-06-23T06:54:41.836Z] Failed to fetch MOTD FirebaseError: Failed to make request to https://firebase-public.firebaseio.com/cli.json
[debug] [2023-06-23T06:54:47.749Z] Authentication Error: Your credentials are no longer valid. Please run firebase login --reauth

For CI servers and headless environments, generate a new token with firebase login:ci
[debug] [2023-06-23T06:54:52.758Z] Error: Timed out.
    at Timeout._onTimeout (/home/farsh/.nvm/versions/node/v18.10.0/lib/node_modules/firebase-tools/lib/utils.js:253:49)
    at listOnTimeout (node:internal/timers:564:17)
    at process.processTimers (node:internal/timers:507:7)
[error] 
[error] Error: An unexpected error has occurred.
[debug] [2023-06-23T06:55:11.166Z] ----------------------------------------------------------------------
[debug] [2023-06-23T06:55:11.168Z] Command:       /home/farsh/.nvm/versions/node/v18.10.0/bin/node /home/farsh/.nvm/versions/node/v18.10.0/bin/firebase init hosting
[debug] [2023-06-23T06:55:11.169Z] CLI Version:   12.3.1
[debug] [2023-06-23T06:55:11.169Z] Platform:      linux
[debug] [2023-06-23T06:55:11.169Z] Node Version:  v18.10.0
[debug] [2023-06-23T06:55:11.170Z] Time:          Fri Jun 23 2023 09:55:11 GMT+0300 (East Africa Time)
[debug] [2023-06-23T06:55:11.170Z] ----------------------------------------------------------------------
[debug] 
[debug] [2023-06-23T06:55:11.173Z] >>> [apiv2][query] GET https://firebase-public.firebaseio.com/cli.json [none]
[debug] [2023-06-23T06:55:11.247Z] > command requires scopes: ["email","openid","https://www.googleapis.com/auth/cloudplatformprojects.readonly","https://www.googleapis.com/auth/firebase","https://www.googleapis.com/auth/cloud-platform"]
[debug] [2023-06-23T06:55:11.247Z] > authorizing via signed-in user (davinci.monalissa@gmail.com)
[info] 
     ######## #### ########  ######## ########     ###     ######  ########
     ##        ##  ##     ## ##       ##     ##  ##   ##  ##       ##
     ######    ##  ########  ######   ########  #########  ######  ######
     ##        ##  ##    ##  ##       ##     ## ##     ##       ## ##
     ##       #### ##     ## ######## ########  ##     ##  ######  ########

You're about to initialize a Firebase project in this directory:

  /home/farsh/Desktop/Delivered/Deliver

[info] 
=== Project Setup
[info] 
[info] First, let's associate this project directory with a Firebase project.
[info] You can create multiple project aliases by running firebase use --add, 
[info] but for now we'll just set up a default project.
[info] 
[debug] [2023-06-23T06:55:13.194Z] > refreshing access token with scopes: []
[debug] [2023-06-23T06:55:13.196Z] >>> [apiv2][query] POST https://www.googleapis.com/oauth2/v3/token [none]
[debug] [2023-06-23T06:55:13.196Z] >>> [apiv2][body] POST https://www.googleapis.com/oauth2/v3/token [omitted]
[debug] [2023-06-23T06:58:26.467Z] ----------------------------------------------------------------------
[debug] [2023-06-23T06:58:26.469Z] Command:       /home/farsh/.nvm/versions/node/v18.10.0/bin/node /home/farsh/.nvm/versions/node/v18.10.0/bin/firebase init hosting
[debug] [2023-06-23T06:58:26.469Z] CLI Version:   12.3.1
[debug] [2023-06-23T06:58:26.470Z] Platform:      linux
[debug] [2023-06-23T06:58:26.470Z] Node Version:  v18.10.0
[debug] [2023-06-23T06:58:26.470Z] Time:          Fri Jun 23 2023 09:58:26 GMT+0300 (East Africa Time)
[debug] [2023-06-23T06:58:26.470Z] ----------------------------------------------------------------------
[debug] 
[debug] [2023-06-23T06:58:26.473Z] >>> [apiv2][query] GET https://firebase-public.firebaseio.com/cli.json [none]
[debug] [2023-06-23T06:58:26.516Z] > command requires scopes: ["email","openid","https://www.googleapis.com/auth/cloudplatformprojects.readonly","https://www.googleapis.com/auth/firebase","https://www.googleapis.com/auth/cloud-platform"]
[debug] [2023-06-23T06:58:26.516Z] > authorizing via signed-in user (davinci.monalissa@gmail.com)
[info] 
     ######## #### ########  ######## ########     ###     ######  ########
     ##        ##  ##     ## ##       ##     ##  ##   ##  ##       ##
     ######    ##  ########  ######   ########  #########  ######  ######
     ##        ##  ##    ##  ##       ##     ## ##     ##       ## ##
     ##       #### ##     ## ######## ########  ##     ##  ######  ########

You're about to initialize a Firebase project in this directory:

  /home/farsh/Desktop/Delivered/Deliver

[info] 
=== Project Setup
[info] 
[info] First, let's associate this project directory with a Firebase project.
[info] You can create multiple project aliases by running firebase use --add, 
[info] but for now we'll just set up a default project.
[info] 
[debug] [2023-06-23T06:58:29.433Z] <<< [apiv2][status] GET https://firebase-public.firebaseio.com/cli.json 200
[debug] [2023-06-23T06:58:29.433Z] <<< [apiv2][body] GET https://firebase-public.firebaseio.com/cli.json {"cloudBuildErrorAfter":1594252800000,"cloudBuildWarnAfter":1590019200000,"defaultNode10After":1594252800000,"minVersion":"3.0.5","node8DeploysDisabledAfter":1613390400000,"node8RuntimeDisabledAfter":1615809600000,"node8WarnAfter":1600128000000}
[debug] [2023-06-23T06:58:35.227Z] > refreshing access token with scopes: []
[debug] [2023-06-23T06:58:35.229Z] >>> [apiv2][query] POST https://www.googleapis.com/oauth2/v3/token [none]
[debug] [2023-06-23T06:58:35.230Z] >>> [apiv2][body] POST https://www.googleapis.com/oauth2/v3/token [omitted]
[debug] [2023-06-23T06:58:37.486Z] <<< [apiv2][status] POST https://www.googleapis.com/oauth2/v3/token 200
[debug] [2023-06-23T06:58:37.486Z] <<< [apiv2][body] POST https://www.googleapis.com/oauth2/v3/token [omitted]
[debug] [2023-06-23T06:58:37.612Z] >>> [apiv2][query] GET https://firebase.googleapis.com/v1beta1/projects pageSize=100
[debug] [2023-06-23T06:58:39.410Z] <<< [apiv2][status] GET https://firebase.googleapis.com/v1beta1/projects 200
[debug] [2023-06-23T06:58:39.411Z] <<< [apiv2][body] GET https://firebase.googleapis.com/v1beta1/projects [omitted]
[info] i  Using project benie-d64a6 (Benie) 
[info] 
=== Hosting Setup
[info] 
[info] Your public directory is the folder (relative to your project directory) that
[info] will contain Hosting assets to be uploaded with firebase deploy. If you
[info] have a build process for your assets, use your build's output directory.
[info] 
